[debug] [2022-12-01T16:59:40.309Z] ----------------------------------------------------------------------
[debug] [2022-12-01T16:59:40.312Z] Command:       C:\Program Files\nodejs\node.exe C:\Users\PC14\AppData\Roaming\npm\node_modules\firebase-tools\lib\bin\firebase.js deploy --only functions
[debug] [2022-12-01T16:59:40.313Z] CLI Version:   11.16.0
[debug] [2022-12-01T16:59:40.313Z] Platform:      win32
[debug] [2022-12-01T16:59:40.313Z] Node Version:  v16.17.1
[debug] [2022-12-01T16:59:40.314Z] Time:          Thu Dec 01 2022 18:59:40 GMT+0200 (heure normale d’Europe de l’Est)
[debug] [2022-12-01T16:59:40.314Z] ----------------------------------------------------------------------
[debug] 
[debug] [2022-12-01T16:59:40.412Z] > command requires scopes: ["email","openid","https://www.googleapis.com/auth/cloudplatformprojects.readonly","https://www.googleapis.com/auth/firebase","https://www.googleapis.com/auth/cloud-platform"]
[debug] [2022-12-01T16:59:40.413Z] > authorizing via signed-in user (salem.dahmani345@gmail.com)
[debug] [2022-12-01T16:59:40.413Z] [iam] checking project the-martian-1080d for permissions ["cloudfunctions.functions.create","cloudfunctions.functions.delete","cloudfunctions.functions.get","cloudfunctions.functions.list","cloudfunctions.functions.update","cloudfunctions.operations.get","firebase.projects.get"]
[debug] [2022-12-01T16:59:40.416Z] >>> [apiv2][query] POST https://cloudresourcemanager.googleapis.com/v1/projects/the-martian-1080d:testIamPermissions [none]
[debug] [2022-12-01T16:59:40.417Z] >>> [apiv2][(partial)header] POST https://cloudresourcemanager.googleapis.com/v1/projects/the-martian-1080d:testIamPermissions x-goog-quota-user=projects/the-martian-1080d
[debug] [2022-12-01T16:59:40.417Z] >>> [apiv2][body] POST https://cloudresourcemanager.googleapis.com/v1/projects/the-martian-1080d:testIamPermissions {"permissions":["cloudfunctions.functions.create","cloudfunctions.functions.delete","cloudfunctions.functions.get","cloudfunctions.functions.list","cloudfunctions.functions.update","cloudfunctions.operations.get","firebase.projects.get"]}
[debug] [2022-12-01T16:59:41.302Z] <<< [apiv2][status] POST https://cloudresourcemanager.googleapis.com/v1/projects/the-martian-1080d:testIamPermissions 200
[debug] [2022-12-01T16:59:41.302Z] <<< [apiv2][body] POST https://cloudresourcemanager.googleapis.com/v1/projects/the-martian-1080d:testIamPermissions {"permissions":["cloudfunctions.functions.create","cloudfunctions.functions.delete","cloudfunctions.functions.get","cloudfunctions.functions.list","cloudfunctions.functions.update","cloudfunctions.operations.get","firebase.projects.get"]}
[debug] [2022-12-01T16:59:41.302Z] >>> [apiv2][query] POST https://iam.googleapis.com/v1/projects/the-martian-1080d/serviceAccounts/the-martian-1080d@appspot.gserviceaccount.com:testIamPermissions [none]
[debug] [2022-12-01T16:59:41.302Z] >>> [apiv2][body] POST https://iam.googleapis.com/v1/projects/the-martian-1080d/serviceAccounts/the-martian-1080d@appspot.gserviceaccount.com:testIamPermissions {"permissions":["iam.serviceAccounts.actAs"]}
[debug] [2022-12-01T16:59:42.090Z] <<< [apiv2][status] POST https://iam.googleapis.com/v1/projects/the-martian-1080d/serviceAccounts/the-martian-1080d@appspot.gserviceaccount.com:testIamPermissions 200
[debug] [2022-12-01T16:59:42.090Z] <<< [apiv2][body] POST https://iam.googleapis.com/v1/projects/the-martian-1080d/serviceAccounts/the-martian-1080d@appspot.gserviceaccount.com:testIamPermissions {"permissions":["iam.serviceAccounts.actAs"]}
[info] 
[info] === Deploying to 'the-martian-1080d'...
[info] 
[info] i  deploying functions 
[debug] [2022-12-01T16:59:42.102Z] >>> [apiv2][query] GET https://firebase.googleapis.com/v1beta1/projects/the-martian-1080d [none]
[debug] [2022-12-01T16:59:42.491Z] <<< [apiv2][status] GET https://firebase.googleapis.com/v1beta1/projects/the-martian-1080d 200
[debug] [2022-12-01T16:59:42.491Z] <<< [apiv2][body] GET https://firebase.googleapis.com/v1beta1/projects/the-martian-1080d {"projectId":"the-martian-1080d","projectNumber":"119553467876","displayName":"The Martian","name":"projects/the-martian-1080d","resources":{"hostingSite":"the-martian-1080d","realtimeDatabaseInstance":"the-martian-1080d-default-rtdb","storageBucket":"the-martian-1080d.appspot.com","locationId":"europe-west"},"state":"ACTIVE","etag":"1_446a3d19-bf65-4a39-a7ee-780670a55ecf"}
[info] i  functions: ensuring required API cloudfunctions.googleapis.com is enabled... 
[info] i  functions: ensuring required API cloudbuild.googleapis.com is enabled... 
[info] i  artifactregistry: ensuring required API artifactregistry.googleapis.com is enabled... 
[debug] [2022-12-01T16:59:42.498Z] >>> [apiv2][query] GET https://serviceusage.googleapis.com/v1/projects/the-martian-1080d/services/cloudfunctions.googleapis.com [none]
[debug] [2022-12-01T16:59:42.498Z] >>> [apiv2][(partial)header] GET https://serviceusage.googleapis.com/v1/projects/the-martian-1080d/services/cloudfunctions.googleapis.com x-goog-quota-user=projects/the-martian-1080d
[debug] [2022-12-01T16:59:42.501Z] >>> [apiv2][query] GET https://serviceusage.googleapis.com/v1/projects/the-martian-1080d/services/runtimeconfig.googleapis.com [none]
[debug] [2022-12-01T16:59:42.502Z] >>> [apiv2][(partial)header] GET https://serviceusage.googleapis.com/v1/projects/the-martian-1080d/services/runtimeconfig.googleapis.com x-goog-quota-user=projects/the-martian-1080d
[debug] [2022-12-01T16:59:42.503Z] >>> [apiv2][query] GET https://serviceusage.googleapis.com/v1/projects/the-martian-1080d/services/cloudbuild.googleapis.com [none]
[debug] [2022-12-01T16:59:42.504Z] >>> [apiv2][(partial)header] GET https://serviceusage.googleapis.com/v1/projects/the-martian-1080d/services/cloudbuild.googleapis.com x-goog-quota-user=projects/the-martian-1080d
[debug] [2022-12-01T16:59:42.505Z] >>> [apiv2][query] GET https://serviceusage.googleapis.com/v1/projects/the-martian-1080d/services/artifactregistry.googleapis.com [none]
[debug] [2022-12-01T16:59:42.506Z] >>> [apiv2][(partial)header] GET https://serviceusage.googleapis.com/v1/projects/the-martian-1080d/services/artifactregistry.googleapis.com x-goog-quota-user=projects/the-martian-1080d
[debug] [2022-12-01T16:59:43.531Z] <<< [apiv2][status] GET https://serviceusage.googleapis.com/v1/projects/the-martian-1080d/services/artifactregistry.googleapis.com 200
[debug] [2022-12-01T16:59:43.532Z] <<< [apiv2][body] GET https://serviceusage.googleapis.com/v1/projects/the-martian-1080d/services/artifactregistry.googleapis.com [omitted]
[info] +  artifactregistry: required API artifactregistry.googleapis.com is enabled 
[debug] [2022-12-01T16:59:43.534Z] <<< [apiv2][status] GET https://serviceusage.googleapis.com/v1/projects/the-martian-1080d/services/runtimeconfig.googleapis.com 200
[debug] [2022-12-01T16:59:43.535Z] <<< [apiv2][body] GET https://serviceusage.googleapis.com/v1/projects/the-martian-1080d/services/runtimeconfig.googleapis.com [omitted]
[debug] [2022-12-01T16:59:43.538Z] <<< [apiv2][status] GET https://serviceusage.googleapis.com/v1/projects/the-martian-1080d/services/cloudfunctions.googleapis.com 200
[debug] [2022-12-01T16:59:43.539Z] <<< [apiv2][body] GET https://serviceusage.googleapis.com/v1/projects/the-martian-1080d/services/cloudfunctions.googleapis.com [omitted]
[info] +  functions: required API cloudfunctions.googleapis.com is enabled 
[debug] [2022-12-01T16:59:43.551Z] <<< [apiv2][status] GET https://serviceusage.googleapis.com/v1/projects/the-martian-1080d/services/cloudbuild.googleapis.com 200
[debug] [2022-12-01T16:59:43.552Z] <<< [apiv2][body] GET https://serviceusage.googleapis.com/v1/projects/the-martian-1080d/services/cloudbuild.googleapis.com [omitted]
[info] +  functions: required API cloudbuild.googleapis.com is enabled 
[debug] [2022-12-01T16:59:43.553Z] >>> [apiv2][query] GET https://firebase.googleapis.com/v1beta1/projects/the-martian-1080d/adminSdkConfig [none]
[debug] [2022-12-01T16:59:44.113Z] <<< [apiv2][status] GET https://firebase.googleapis.com/v1beta1/projects/the-martian-1080d/adminSdkConfig 200
[debug] [2022-12-01T16:59:44.113Z] <<< [apiv2][body] GET https://firebase.googleapis.com/v1beta1/projects/the-martian-1080d/adminSdkConfig {"projectId":"the-martian-1080d","databaseURL":"https://the-martian-1080d-default-rtdb.europe-west1.firebasedatabase.app","storageBucket":"the-martian-1080d.appspot.com","locationId":"europe-west"}
[debug] [2022-12-01T16:59:44.114Z] >>> [apiv2][query] GET https://runtimeconfig.googleapis.com/v1beta1/projects/the-martian-1080d/configs [none]
[debug] [2022-12-01T16:59:44.484Z] <<< [apiv2][status] GET https://runtimeconfig.googleapis.com/v1beta1/projects/the-martian-1080d/configs 200
[debug] [2022-12-01T16:59:44.484Z] <<< [apiv2][body] GET https://runtimeconfig.googleapis.com/v1beta1/projects/the-martian-1080d/configs {}
[info] i  functions: preparing codebase default for deployment 
[debug] [2022-12-01T16:59:44.487Z] Validating nodejs source
[warn] !  functions: package.json indicates an outdated version of firebase-functions. Please upgrade using npm install --save firebase-functions@latest in your functions directory. 
[warn] !  functions: Please note that there will be breaking changes when you upgrade. 
[debug] [2022-12-01T16:59:48.699Z] > [functions] package.json contents: {
  "name": "functions",
  "description": "Cloud Functions for Firebase",
  "scripts": {
    "serve": "firebase emulators:start --only functions",
    "shell": "firebase functions:shell",
    "start": "npm run shell",
    "deploy": "firebase deploy --only functions",
    "logs": "firebase functions:log"
  },
  "engines": {
    "node": "16"
  },
  "main": "index.js",
  "dependencies": {
    "firebase-admin": "^10.0.2",
    "firebase-functions": "^3.18.0"
  },
  "devDependencies": {
    "firebase-functions-test": "^0.2.0"
  },
  "private": true
}
[debug] [2022-12-01T16:59:48.699Z] Building nodejs source
[debug] [2022-12-01T16:59:48.701Z] Could not find functions.yaml. Must use http discovery
[debug] [2022-12-01T16:59:48.998Z] Serving at port 9005

[debug] [2022-12-01T16:59:49.158Z] Got response from /__/functions.yaml {"endpoints":{"sendMail":{"platform":"gcfv1","httpsTrigger":{},"entryPoint":"sendMail"}},"specVersion":"v1alpha1","requiredAPIs":[]}
[debug] [2022-12-01T16:59:49.171Z] shutdown requested via /__/quitquitquit

[info] i  functions: preparing functions directory for uploading... 
[info] i  functions: packaged C:\Users\PC14\Desktop\The Martian\The-martian-A\functions (55.1 KB) for uploading 
[debug] [2022-12-01T16:59:49.241Z] >>> [apiv2][query] GET https://cloudfunctions.googleapis.com/v1/projects/the-martian-1080d/locations/-/functions [none]
[debug] [2022-12-01T16:59:49.933Z] <<< [apiv2][status] GET https://cloudfunctions.googleapis.com/v1/projects/the-martian-1080d/locations/-/functions 200
[debug] [2022-12-01T16:59:49.934Z] <<< [apiv2][body] GET https://cloudfunctions.googleapis.com/v1/projects/the-martian-1080d/locations/-/functions {}
[debug] [2022-12-01T16:59:49.937Z] >>> [apiv2][query] GET https://cloudfunctions.googleapis.com/v2/projects/the-martian-1080d/locations/-/functions filter=environment%3D%22GEN_2%22
[debug] [2022-12-01T16:59:51.409Z] <<< [apiv2][status] GET https://cloudfunctions.googleapis.com/v2/projects/the-martian-1080d/locations/-/functions 200
[debug] [2022-12-01T16:59:51.410Z] <<< [apiv2][body] GET https://cloudfunctions.googleapis.com/v2/projects/the-martian-1080d/locations/-/functions {}
[debug] [2022-12-01T16:59:51.424Z] >>> [apiv2][query] GET https://firebase.googleapis.com/v1beta1/projects/the-martian-1080d [none]
[debug] [2022-12-01T16:59:51.797Z] <<< [apiv2][status] GET https://firebase.googleapis.com/v1beta1/projects/the-martian-1080d 200
[debug] [2022-12-01T16:59:51.797Z] <<< [apiv2][body] GET https://firebase.googleapis.com/v1beta1/projects/the-martian-1080d {"projectId":"the-martian-1080d","projectNumber":"119553467876","displayName":"The Martian","name":"projects/the-martian-1080d","resources":{"hostingSite":"the-martian-1080d","realtimeDatabaseInstance":"the-martian-1080d-default-rtdb","storageBucket":"the-martian-1080d.appspot.com","locationId":"europe-west"},"state":"ACTIVE","etag":"1_446a3d19-bf65-4a39-a7ee-780670a55ecf"}
[debug] [2022-12-01T16:59:51.799Z] [functions] found 1 new HTTP functions, testing setIamPolicy permission...
[debug] [2022-12-01T16:59:51.800Z] >>> [apiv2][query] POST https://cloudresourcemanager.googleapis.com/v1/projects/the-martian-1080d:testIamPermissions [none]
[debug] [2022-12-01T16:59:51.800Z] >>> [apiv2][(partial)header] POST https://cloudresourcemanager.googleapis.com/v1/projects/the-martian-1080d:testIamPermissions x-goog-quota-user=projects/the-martian-1080d
[debug] [2022-12-01T16:59:51.800Z] >>> [apiv2][body] POST https://cloudresourcemanager.googleapis.com/v1/projects/the-martian-1080d:testIamPermissions {"permissions":["cloudfunctions.functions.setIamPolicy"]}
[debug] [2022-12-01T16:59:52.645Z] <<< [apiv2][status] POST https://cloudresourcemanager.googleapis.com/v1/projects/the-martian-1080d:testIamPermissions 200
[debug] [2022-12-01T16:59:52.646Z] <<< [apiv2][body] POST https://cloudresourcemanager.googleapis.com/v1/projects/the-martian-1080d:testIamPermissions {"permissions":["cloudfunctions.functions.setIamPolicy"]}
[debug] [2022-12-01T16:59:52.646Z] [functions] found setIamPolicy permission, proceeding with deploy
[debug] [2022-12-01T16:59:52.648Z] >>> [apiv2][query] POST https://cloudfunctions.googleapis.com/v1/projects/the-martian-1080d/locations/us-central1/functions:generateUploadUrl [none]
[debug] [2022-12-01T16:59:52.648Z] >>> [apiv2][body] POST https://cloudfunctions.googleapis.com/v1/projects/the-martian-1080d/locations/us-central1/functions:generateUploadUrl {}
[debug] [2022-12-01T17:00:02.375Z] <<< [apiv2][status] POST https://cloudfunctions.googleapis.com/v1/projects/the-martian-1080d/locations/us-central1/functions:generateUploadUrl 200
[debug] [2022-12-01T17:00:02.376Z] <<< [apiv2][body] POST https://cloudfunctions.googleapis.com/v1/projects/the-martian-1080d/locations/us-central1/functions:generateUploadUrl {"uploadUrl":"https://storage.googleapis.com/uploads-820191043279.us-central1.cloudfunctions.appspot.com/2f6854b2-9158-4f25-aecb-d714a6d12e9e.zip?GoogleAccessId=service-119553467876@gcf-admin-robot.iam.gserviceaccount.com&Expires=1669915803&Signature=oNEoMF0FZ4cHzub8wbwI5LV9OofB6uSmbvk41z7D%2Ft1nSp2AmsAcx0BScI3dM08Nrtw84uIIRjS432%2BYrMxpJYDqz4gkYRn4QqIw1wf6rn0ZpAwPrXC0WihI6fBWU8SYmFcQq%2F5Adp9%2F6iIGTmPEnkTrYS%2BiiDQPnH5j%2B2H54%2BP3%2BpgiHP9pUhCGmJ0umGxkOZtKWFFngyFZe%2Ba0xFSN576lpX2UEFdXL%2BMn0Xvc4iktwIdtmCxxx8k7xZ5%2BJbnQTEsNi3OJV7bt2pniF1CSeao8Bsbmuk93BGCf%2FAYkV8XMYqsh7SB9mdvRVqVxLzb8OXojPOQqND%2FsAXqqm6lTjw%3D%3D"}
[debug] [2022-12-01T17:00:02.377Z] >>> [apiv2][query] PUT https://storage.googleapis.com/uploads-820191043279.us-central1.cloudfunctions.appspot.com/2f6854b2-9158-4f25-aecb-d714a6d12e9e.zip GoogleAccessId=service-119553467876%40gcf-admin-robot.iam.gserviceaccount.com&Expires=1669915803&Signature=oNEoMF0FZ4cHzub8wbwI5LV9OofB6uSmbvk41z7D%2Ft1nSp2AmsAcx0BScI3dM08Nrtw84uIIRjS432%2BYrMxpJYDqz4gkYRn4QqIw1wf6rn0ZpAwPrXC0WihI6fBWU8SYmFcQq%2F5Adp9%2F6iIGTmPEnkTrYS%2BiiDQPnH5j%2B2H54%2BP3%2BpgiHP9pUhCGmJ0umGxkOZtKWFFngyFZe%2Ba0xFSN576lpX2UEFdXL%2BMn0Xvc4iktwIdtmCxxx8k7xZ5%2BJbnQTEsNi3OJV7bt2pniF1CSeao8Bsbmuk93BGCf%2FAYkV8XMYqsh7SB9mdvRVqVxLzb8OXojPOQqND%2FsAXqqm6lTjw%3D%3D
[debug] [2022-12-01T17:00:02.377Z] >>> [apiv2][body] PUT https://storage.googleapis.com/uploads-820191043279.us-central1.cloudfunctions.appspot.com/2f6854b2-9158-4f25-aecb-d714a6d12e9e.zip [stream]
[debug] [2022-12-01T17:00:02.996Z] <<< [apiv2][status] PUT https://storage.googleapis.com/uploads-820191043279.us-central1.cloudfunctions.appspot.com/2f6854b2-9158-4f25-aecb-d714a6d12e9e.zip 200
[debug] [2022-12-01T17:00:02.997Z] <<< [apiv2][body] PUT https://storage.googleapis.com/uploads-820191043279.us-central1.cloudfunctions.appspot.com/2f6854b2-9158-4f25-aecb-d714a6d12e9e.zip [omitted]
[info] +  functions: functions folder uploaded successfully 
[info] i  functions: creating Node.js 16 function sendMail(us-central1)... 
[debug] [2022-12-01T17:00:03.007Z] >>> [apiv2][query] POST https://cloudfunctions.googleapis.com/v1/projects/the-martian-1080d/locations/us-central1/functions [none]
[debug] [2022-12-01T17:00:03.007Z] >>> [apiv2][body] POST https://cloudfunctions.googleapis.com/v1/projects/the-martian-1080d/locations/us-central1/functions {"name":"projects/the-martian-1080d/locations/us-central1/functions/sendMail","sourceUploadUrl":"https://storage.googleapis.com/uploads-820191043279.us-central1.cloudfunctions.appspot.com/2f6854b2-9158-4f25-aecb-d714a6d12e9e.zip?GoogleAccessId=service-119553467876@gcf-admin-robot.iam.gserviceaccount.com&Expires=1669915803&Signature=oNEoMF0FZ4cHzub8wbwI5LV9OofB6uSmbvk41z7D%2Ft1nSp2AmsAcx0BScI3dM08Nrtw84uIIRjS432%2BYrMxpJYDqz4gkYRn4QqIw1wf6rn0ZpAwPrXC0WihI6fBWU8SYmFcQq%2F5Adp9%2F6iIGTmPEnkTrYS%2BiiDQPnH5j%2B2H54%2BP3%2BpgiHP9pUhCGmJ0umGxkOZtKWFFngyFZe%2Ba0xFSN576lpX2UEFdXL%2BMn0Xvc4iktwIdtmCxxx8k7xZ5%2BJbnQTEsNi3OJV7bt2pniF1CSeao8Bsbmuk93BGCf%2FAYkV8XMYqsh7SB9mdvRVqVxLzb8OXojPOQqND%2FsAXqqm6lTjw%3D%3D","entryPoint":"sendMail","runtime":"nodejs16","dockerRegistry":"ARTIFACT_REGISTRY","labels":{"deployment-tool":"cli-firebase","firebase-functions-hash":"70f41fa6940aa610ee98ef9a153ad95aa74fe43c"},"httpsTrigger":{"securityLevel":"SECURE_ALWAYS"},"environmentVariables":{"FIREBASE_CONFIG":"{\"projectId\":\"the-martian-1080d\",\"databaseURL\":\"https://the-martian-1080d-default-rtdb.europe-west1.firebasedatabase.app\",\"storageBucket\":\"the-martian-1080d.appspot.com\",\"locationId\":\"europe-west\"}","GCLOUD_PROJECT":"the-martian-1080d","EVENTARC_CLOUD_EVENT_SOURCE":"projects/the-martian-1080d/locations/us-central1/functions/sendMail"}}
[debug] [2022-12-01T17:00:03.847Z] <<< [apiv2][status] POST https://cloudfunctions.googleapis.com/v1/projects/the-martian-1080d/locations/us-central1/functions 200
[debug] [2022-12-01T17:00:03.847Z] <<< [apiv2][body] POST https://cloudfunctions.googleapis.com/v1/projects/the-martian-1080d/locations/us-central1/functions {"name":"operations/dGhlLW1hcnRpYW4tMTA4MGQvdXMtY2VudHJhbDEvc2VuZE1haWwvdVdoekh4S0FKRlk","metadata":{"@type":"type.googleapis.com/google.cloud.functions.v1.OperationMetadataV1","target":"projects/the-martian-1080d/locations/us-central1/functions/sendMail","type":"CREATE_FUNCTION","request":{"@type":"type.googleapis.com/google.cloud.functions.v1.CloudFunction","name":"projects/the-martian-1080d/locations/us-central1/functions/sendMail","httpsTrigger":{"securityLevel":"SECURE_ALWAYS"},"entryPoint":"sendMail","labels":{"deployment-tool":"cli-firebase","firebase-functions-hash":"70f41fa6940aa610ee98ef9a153ad95aa74fe43c"},"sourceUploadUrl":"https://storage.googleapis.com/uploads-820191043279.us-central1.cloudfunctions.appspot.com/2f6854b2-9158-4f25-aecb-d714a6d12e9e.zip?GoogleAccessId=service-119553467876@gcf-admin-robot.iam.gserviceaccount.com&Expires=1669915803&Signature=oNEoMF0FZ4cHzub8wbwI5LV9OofB6uSmbvk41z7D%2Ft1nSp2AmsAcx0BScI3dM08Nrtw84uIIRjS432%2BYrMxpJYDqz4gkYRn4QqIw1wf6rn0ZpAwPrXC0WihI6fBWU8SYmFcQq%2F5Adp9%2F6iIGTmPEnkTrYS%2BiiDQPnH5j%2B2H54%2BP3%2BpgiHP9pUhCGmJ0umGxkOZtKWFFngyFZe%2Ba0xFSN576lpX2UEFdXL%2BMn0Xvc4iktwIdtmCxxx8k7xZ5%2BJbnQTEsNi3OJV7bt2pniF1CSeao8Bsbmuk93BGCf%2FAYkV8XMYqsh7SB9mdvRVqVxLzb8OXojPOQqND%2FsAXqqm6lTjw%3D%3D","environmentVariables":{"FIREBASE_CONFIG":"{\"projectId\":\"the-martian-1080d\",\"databaseURL\":\"https://the-martian-1080d-default-rtdb.europe-west1.firebasedatabase.app\",\"storageBucket\":\"the-martian-1080d.appspot.com\",\"locationId\":\"europe-west\"}","GCLOUD_PROJECT":"the-martian-1080d","EVENTARC_CLOUD_EVENT_SOURCE":"projects/the-martian-1080d/locations/us-central1/functions/sendMail"},"runtime":"nodejs16","dockerRegistry":"ARTIFACT_REGISTRY"},"versionId":"1","updateTime":"2022-12-01T17:00:04Z"}}
[debug] [2022-12-01T17:00:03.849Z] >>> [apiv2][query] GET https://cloudfunctions.googleapis.com/v1/operations/dGhlLW1hcnRpYW4tMTA4MGQvdXMtY2VudHJhbDEvc2VuZE1haWwvdVdoekh4S0FKRlk [none]
[debug] [2022-12-01T17:00:04.245Z] <<< [apiv2][status] GET https://cloudfunctions.googleapis.com/v1/operations/dGhlLW1hcnRpYW4tMTA4MGQvdXMtY2VudHJhbDEvc2VuZE1haWwvdVdoekh4S0FKRlk 200
[debug] [2022-12-01T17:00:04.245Z] <<< [apiv2][body] GET https://cloudfunctions.googleapis.com/v1/operations/dGhlLW1hcnRpYW4tMTA4MGQvdXMtY2VudHJhbDEvc2VuZE1haWwvdVdoekh4S0FKRlk {"name":"operations/dGhlLW1hcnRpYW4tMTA4MGQvdXMtY2VudHJhbDEvc2VuZE1haWwvdVdoekh4S0FKRlk","metadata":{"@type":"type.googleapis.com/google.cloud.functions.v1.OperationMetadataV1","target":"projects/the-martian-1080d/locations/us-central1/functions/sendMail","type":"CREATE_FUNCTION","request":{"@type":"type.googleapis.com/google.cloud.functions.v1.CloudFunction","name":"projects/the-martian-1080d/locations/us-central1/functions/sendMail","httpsTrigger":{"securityLevel":"SECURE_ALWAYS"},"entryPoint":"sendMail","labels":{"deployment-tool":"cli-firebase","firebase-functions-hash":"70f41fa6940aa610ee98ef9a153ad95aa74fe43c"},"sourceUploadUrl":"https://storage.googleapis.com/uploads-820191043279.us-central1.cloudfunctions.appspot.com/2f6854b2-9158-4f25-aecb-d714a6d12e9e.zip?GoogleAccessId=service-119553467876@gcf-admin-robot.iam.gserviceaccount.com&Expires=1669915803&Signature=oNEoMF0FZ4cHzub8wbwI5LV9OofB6uSmbvk41z7D%2Ft1nSp2AmsAcx0BScI3dM08Nrtw84uIIRjS432%2BYrMxpJYDqz4gkYRn4QqIw1wf6rn0ZpAwPrXC0WihI6fBWU8SYmFcQq%2F5Adp9%2F6iIGTmPEnkTrYS%2BiiDQPnH5j%2B2H54%2BP3%2BpgiHP9pUhCGmJ0umGxkOZtKWFFngyFZe%2Ba0xFSN576lpX2UEFdXL%2BMn0Xvc4iktwIdtmCxxx8k7xZ5%2BJbnQTEsNi3OJV7bt2pniF1CSeao8Bsbmuk93BGCf%2FAYkV8XMYqsh7SB9mdvRVqVxLzb8OXojPOQqND%2FsAXqqm6lTjw%3D%3D","environmentVariables":{"FIREBASE_CONFIG":"{\"projectId\":\"the-martian-1080d\",\"databaseURL\":\"https://the-martian-1080d-default-rtdb.europe-west1.firebasedatabase.app\",\"storageBucket\":\"the-martian-1080d.appspot.com\",\"locationId\":\"europe-west\"}","GCLOUD_PROJECT":"the-martian-1080d","EVENTARC_CLOUD_EVENT_SOURCE":"projects/the-martian-1080d/locations/us-central1/functions/sendMail"},"runtime":"nodejs16","dockerRegistry":"ARTIFACT_REGISTRY"},"versionId":"1","updateTime":"2022-12-01T17:00:05Z"}}
[debug] [2022-12-01T17:00:04.749Z] [create-default-us-central1-sendMail] Retrying task index 0
[debug] [2022-12-01T17:00:04.750Z] >>> [apiv2][query] GET https://cloudfunctions.googleapis.com/v1/operations/dGhlLW1hcnRpYW4tMTA4MGQvdXMtY2VudHJhbDEvc2VuZE1haWwvdVdoekh4S0FKRlk [none]
[debug] [2022-12-01T17:00:05.167Z] <<< [apiv2][status] GET https://cloudfunctions.googleapis.com/v1/operations/dGhlLW1hcnRpYW4tMTA4MGQvdXMtY2VudHJhbDEvc2VuZE1haWwvdVdoekh4S0FKRlk 200
[debug] [2022-12-01T17:00:05.167Z] <<< [apiv2][body] GET https://cloudfunctions.googleapis.com/v1/operations/dGhlLW1hcnRpYW4tMTA4MGQvdXMtY2VudHJhbDEvc2VuZE1haWwvdVdoekh4S0FKRlk {"name":"operations/dGhlLW1hcnRpYW4tMTA4MGQvdXMtY2VudHJhbDEvc2VuZE1haWwvdVdoekh4S0FKRlk","metadata":{"@type":"type.googleapis.com/google.cloud.functions.v1.OperationMetadataV1","target":"projects/the-martian-1080d/locations/us-central1/functions/sendMail","type":"CREATE_FUNCTION","request":{"@type":"type.googleapis.com/google.cloud.functions.v1.CloudFunction","name":"projects/the-martian-1080d/locations/us-central1/functions/sendMail","httpsTrigger":{"securityLevel":"SECURE_ALWAYS"},"entryPoint":"sendMail","labels":{"deployment-tool":"cli-firebase","firebase-functions-hash":"70f41fa6940aa610ee98ef9a153ad95aa74fe43c"},"sourceUploadUrl":"https://storage.googleapis.com/uploads-820191043279.us-central1.cloudfunctions.appspot.com/2f6854b2-9158-4f25-aecb-d714a6d12e9e.zip?GoogleAccessId=service-119553467876@gcf-admin-robot.iam.gserviceaccount.com&Expires=1669915803&Signature=oNEoMF0FZ4cHzub8wbwI5LV9OofB6uSmbvk41z7D%2Ft1nSp2AmsAcx0BScI3dM08Nrtw84uIIRjS432%2BYrMxpJYDqz4gkYRn4QqIw1wf6rn0ZpAwPrXC0WihI6fBWU8SYmFcQq%2F5Adp9%2F6iIGTmPEnkTrYS%2BiiDQPnH5j%2B2H54%2BP3%2BpgiHP9pUhCGmJ0umGxkOZtKWFFngyFZe%2Ba0xFSN576lpX2UEFdXL%2BMn0Xvc4iktwIdtmCxxx8k7xZ5%2BJbnQTEsNi3OJV7bt2pniF1CSeao8Bsbmuk93BGCf%2FAYkV8XMYqsh7SB9mdvRVqVxLzb8OXojPOQqND%2FsAXqqm6lTjw%3D%3D","environmentVariables":{"FIREBASE_CONFIG":"{\"projectId\":\"the-martian-1080d\",\"databaseURL\":\"https://the-martian-1080d-default-rtdb.europe-west1.firebasedatabase.app\",\"storageBucket\":\"the-martian-1080d.appspot.com\",\"locationId\":\"europe-west\"}","GCLOUD_PROJECT":"the-martian-1080d","EVENTARC_CLOUD_EVENT_SOURCE":"projects/the-martian-1080d/locations/us-central1/functions/sendMail"},"runtime":"nodejs16","dockerRegistry":"ARTIFACT_REGISTRY"},"versionId":"1","updateTime":"2022-12-01T17:00:05Z"}}
[debug] [2022-12-01T17:00:06.170Z] [create-default-us-central1-sendMail] Retrying task index 0
[debug] [2022-12-01T17:00:06.171Z] >>> [apiv2][query] GET https://cloudfunctions.googleapis.com/v1/operations/dGhlLW1hcnRpYW4tMTA4MGQvdXMtY2VudHJhbDEvc2VuZE1haWwvdVdoekh4S0FKRlk [none]
[debug] [2022-12-01T17:00:06.569Z] <<< [apiv2][status] GET https://cloudfunctions.googleapis.com/v1/operations/dGhlLW1hcnRpYW4tMTA4MGQvdXMtY2VudHJhbDEvc2VuZE1haWwvdVdoekh4S0FKRlk 200
[debug] [2022-12-01T17:00:06.569Z] <<< [apiv2][body] GET https://cloudfunctions.googleapis.com/v1/operations/dGhlLW1hcnRpYW4tMTA4MGQvdXMtY2VudHJhbDEvc2VuZE1haWwvdVdoekh4S0FKRlk {"name":"operations/dGhlLW1hcnRpYW4tMTA4MGQvdXMtY2VudHJhbDEvc2VuZE1haWwvdVdoekh4S0FKRlk","metadata":{"@type":"type.googleapis.com/google.cloud.functions.v1.OperationMetadataV1","target":"projects/the-martian-1080d/locations/us-central1/functions/sendMail","type":"CREATE_FUNCTION","request":{"@type":"type.googleapis.com/google.cloud.functions.v1.CloudFunction","name":"projects/the-martian-1080d/locations/us-central1/functions/sendMail","httpsTrigger":{"securityLevel":"SECURE_ALWAYS"},"entryPoint":"sendMail","labels":{"deployment-tool":"cli-firebase","firebase-functions-hash":"70f41fa6940aa610ee98ef9a153ad95aa74fe43c"},"sourceUploadUrl":"https://storage.googleapis.com/uploads-820191043279.us-central1.cloudfunctions.appspot.com/2f6854b2-9158-4f25-aecb-d714a6d12e9e.zip?GoogleAccessId=service-119553467876@gcf-admin-robot.iam.gserviceaccount.com&Expires=1669915803&Signature=oNEoMF0FZ4cHzub8wbwI5LV9OofB6uSmbvk41z7D%2Ft1nSp2AmsAcx0BScI3dM08Nrtw84uIIRjS432%2BYrMxpJYDqz4gkYRn4QqIw1wf6rn0ZpAwPrXC0WihI6fBWU8SYmFcQq%2F5Adp9%2F6iIGTmPEnkTrYS%2BiiDQPnH5j%2B2H54%2BP3%2BpgiHP9pUhCGmJ0umGxkOZtKWFFngyFZe%2Ba0xFSN576lpX2UEFdXL%2BMn0Xvc4iktwIdtmCxxx8k7xZ5%2BJbnQTEsNi3OJV7bt2pniF1CSeao8Bsbmuk93BGCf%2FAYkV8XMYqsh7SB9mdvRVqVxLzb8OXojPOQqND%2FsAXqqm6lTjw%3D%3D","environmentVariables":{"FIREBASE_CONFIG":"{\"projectId\":\"the-martian-1080d\",\"databaseURL\":\"https://the-martian-1080d-default-rtdb.europe-west1.firebasedatabase.app\",\"storageBucket\":\"the-martian-1080d.appspot.com\",\"locationId\":\"europe-west\"}","GCLOUD_PROJECT":"the-martian-1080d","EVENTARC_CLOUD_EVENT_SOURCE":"projects/the-martian-1080d/locations/us-central1/functions/sendMail"},"runtime":"nodejs16","dockerRegistry":"ARTIFACT_REGISTRY"},"versionId":"1","updateTime":"2022-12-01T17:00:05Z"}}
[debug] [2022-12-01T17:00:08.573Z] [create-default-us-central1-sendMail] Retrying task index 0
[debug] [2022-12-01T17:00:08.573Z] >>> [apiv2][query] GET https://cloudfunctions.googleapis.com/v1/operations/dGhlLW1hcnRpYW4tMTA4MGQvdXMtY2VudHJhbDEvc2VuZE1haWwvdVdoekh4S0FKRlk [none]
[debug] [2022-12-01T17:00:08.976Z] <<< [apiv2][status] GET https://cloudfunctions.googleapis.com/v1/operations/dGhlLW1hcnRpYW4tMTA4MGQvdXMtY2VudHJhbDEvc2VuZE1haWwvdVdoekh4S0FKRlk 200
[debug] [2022-12-01T17:00:08.976Z] <<< [apiv2][body] GET https://cloudfunctions.googleapis.com/v1/operations/dGhlLW1hcnRpYW4tMTA4MGQvdXMtY2VudHJhbDEvc2VuZE1haWwvdVdoekh4S0FKRlk {"name":"operations/dGhlLW1hcnRpYW4tMTA4MGQvdXMtY2VudHJhbDEvc2VuZE1haWwvdVdoekh4S0FKRlk","metadata":{"@type":"type.googleapis.com/google.cloud.functions.v1.OperationMetadataV1","target":"projects/the-martian-1080d/locations/us-central1/functions/sendMail","type":"CREATE_FUNCTION","request":{"@type":"type.googleapis.com/google.cloud.functions.v1.CloudFunction","name":"projects/the-martian-1080d/locations/us-central1/functions/sendMail","httpsTrigger":{"securityLevel":"SECURE_ALWAYS"},"entryPoint":"sendMail","labels":{"deployment-tool":"cli-firebase","firebase-functions-hash":"70f41fa6940aa610ee98ef9a153ad95aa74fe43c"},"sourceUploadUrl":"https://storage.googleapis.com/uploads-820191043279.us-central1.cloudfunctions.appspot.com/2f6854b2-9158-4f25-aecb-d714a6d12e9e.zip?GoogleAccessId=service-119553467876@gcf-admin-robot.iam.gserviceaccount.com&Expires=1669915803&Signature=oNEoMF0FZ4cHzub8wbwI5LV9OofB6uSmbvk41z7D%2Ft1nSp2AmsAcx0BScI3dM08Nrtw84uIIRjS432%2BYrMxpJYDqz4gkYRn4QqIw1wf6rn0ZpAwPrXC0WihI6fBWU8SYmFcQq%2F5Adp9%2F6iIGTmPEnkTrYS%2BiiDQPnH5j%2B2H54%2BP3%2BpgiHP9pUhCGmJ0umGxkOZtKWFFngyFZe%2Ba0xFSN576lpX2UEFdXL%2BMn0Xvc4iktwIdtmCxxx8k7xZ5%2BJbnQTEsNi3OJV7bt2pniF1CSeao8Bsbmuk93BGCf%2FAYkV8XMYqsh7SB9mdvRVqVxLzb8OXojPOQqND%2FsAXqqm6lTjw%3D%3D","environmentVariables":{"FIREBASE_CONFIG":"{\"projectId\":\"the-martian-1080d\",\"databaseURL\":\"https://the-martian-1080d-default-rtdb.europe-west1.firebasedatabase.app\",\"storageBucket\":\"the-martian-1080d.appspot.com\",\"locationId\":\"europe-west\"}","GCLOUD_PROJECT":"the-martian-1080d","EVENTARC_CLOUD_EVENT_SOURCE":"projects/the-martian-1080d/locations/us-central1/functions/sendMail"},"runtime":"nodejs16","dockerRegistry":"ARTIFACT_REGISTRY"},"versionId":"1","updateTime":"2022-12-01T17:00:05Z"}}
[debug] [2022-12-01T17:00:12.976Z] [create-default-us-central1-sendMail] Retrying task index 0
[debug] [2022-12-01T17:00:12.977Z] >>> [apiv2][query] GET https://cloudfunctions.googleapis.com/v1/operations/dGhlLW1hcnRpYW4tMTA4MGQvdXMtY2VudHJhbDEvc2VuZE1haWwvdVdoekh4S0FKRlk [none]
[debug] [2022-12-01T17:00:13.352Z] <<< [apiv2][status] GET https://cloudfunctions.googleapis.com/v1/operations/dGhlLW1hcnRpYW4tMTA4MGQvdXMtY2VudHJhbDEvc2VuZE1haWwvdVdoekh4S0FKRlk 200
[debug] [2022-12-01T17:00:13.352Z] <<< [apiv2][body] GET https://cloudfunctions.googleapis.com/v1/operations/dGhlLW1hcnRpYW4tMTA4MGQvdXMtY2VudHJhbDEvc2VuZE1haWwvdVdoekh4S0FKRlk {"name":"operations/dGhlLW1hcnRpYW4tMTA4MGQvdXMtY2VudHJhbDEvc2VuZE1haWwvdVdoekh4S0FKRlk","metadata":{"@type":"type.googleapis.com/google.cloud.functions.v1.OperationMetadataV1","target":"projects/the-martian-1080d/locations/us-central1/functions/sendMail","type":"CREATE_FUNCTION","request":{"@type":"type.googleapis.com/google.cloud.functions.v1.CloudFunction","name":"projects/the-martian-1080d/locations/us-central1/functions/sendMail","httpsTrigger":{"securityLevel":"SECURE_ALWAYS"},"entryPoint":"sendMail","labels":{"deployment-tool":"cli-firebase","firebase-functions-hash":"70f41fa6940aa610ee98ef9a153ad95aa74fe43c"},"sourceUploadUrl":"https://storage.googleapis.com/uploads-820191043279.us-central1.cloudfunctions.appspot.com/2f6854b2-9158-4f25-aecb-d714a6d12e9e.zip?GoogleAccessId=service-119553467876@gcf-admin-robot.iam.gserviceaccount.com&Expires=1669915803&Signature=oNEoMF0FZ4cHzub8wbwI5LV9OofB6uSmbvk41z7D%2Ft1nSp2AmsAcx0BScI3dM08Nrtw84uIIRjS432%2BYrMxpJYDqz4gkYRn4QqIw1wf6rn0ZpAwPrXC0WihI6fBWU8SYmFcQq%2F5Adp9%2F6iIGTmPEnkTrYS%2BiiDQPnH5j%2B2H54%2BP3%2BpgiHP9pUhCGmJ0umGxkOZtKWFFngyFZe%2Ba0xFSN576lpX2UEFdXL%2BMn0Xvc4iktwIdtmCxxx8k7xZ5%2BJbnQTEsNi3OJV7bt2pniF1CSeao8Bsbmuk93BGCf%2FAYkV8XMYqsh7SB9mdvRVqVxLzb8OXojPOQqND%2FsAXqqm6lTjw%3D%3D","environmentVariables":{"FIREBASE_CONFIG":"{\"projectId\":\"the-martian-1080d\",\"databaseURL\":\"https://the-martian-1080d-default-rtdb.europe-west1.firebasedatabase.app\",\"storageBucket\":\"the-martian-1080d.appspot.com\",\"locationId\":\"europe-west\"}","GCLOUD_PROJECT":"the-martian-1080d","EVENTARC_CLOUD_EVENT_SOURCE":"projects/the-martian-1080d/locations/us-central1/functions/sendMail"},"runtime":"nodejs16","dockerRegistry":"ARTIFACT_REGISTRY"},"versionId":"1","updateTime":"2022-12-01T17:00:05Z"}}
[debug] [2022-12-01T17:00:21.358Z] [create-default-us-central1-sendMail] Retrying task index 0
[debug] [2022-12-01T17:00:21.359Z] >>> [apiv2][query] GET https://cloudfunctions.googleapis.com/v1/operations/dGhlLW1hcnRpYW4tMTA4MGQvdXMtY2VudHJhbDEvc2VuZE1haWwvdVdoekh4S0FKRlk [none]
[debug] [2022-12-01T17:00:21.700Z] <<< [apiv2][status] GET https://cloudfunctions.googleapis.com/v1/operations/dGhlLW1hcnRpYW4tMTA4MGQvdXMtY2VudHJhbDEvc2VuZE1haWwvdVdoekh4S0FKRlk 200
[debug] [2022-12-01T17:00:21.700Z] <<< [apiv2][body] GET https://cloudfunctions.googleapis.com/v1/operations/dGhlLW1hcnRpYW4tMTA4MGQvdXMtY2VudHJhbDEvc2VuZE1haWwvdVdoekh4S0FKRlk {"name":"operations/dGhlLW1hcnRpYW4tMTA4MGQvdXMtY2VudHJhbDEvc2VuZE1haWwvdVdoekh4S0FKRlk","metadata":{"@type":"type.googleapis.com/google.cloud.functions.v1.OperationMetadataV1","target":"projects/the-martian-1080d/locations/us-central1/functions/sendMail","type":"CREATE_FUNCTION","request":{"@type":"type.googleapis.com/google.cloud.functions.v1.CloudFunction","name":"projects/the-martian-1080d/locations/us-central1/functions/sendMail","httpsTrigger":{"securityLevel":"SECURE_ALWAYS"},"entryPoint":"sendMail","labels":{"deployment-tool":"cli-firebase","firebase-functions-hash":"70f41fa6940aa610ee98ef9a153ad95aa74fe43c"},"sourceUploadUrl":"https://storage.googleapis.com/uploads-820191043279.us-central1.cloudfunctions.appspot.com/2f6854b2-9158-4f25-aecb-d714a6d12e9e.zip?GoogleAccessId=service-119553467876@gcf-admin-robot.iam.gserviceaccount.com&Expires=1669915803&Signature=oNEoMF0FZ4cHzub8wbwI5LV9OofB6uSmbvk41z7D%2Ft1nSp2AmsAcx0BScI3dM08Nrtw84uIIRjS432%2BYrMxpJYDqz4gkYRn4QqIw1wf6rn0ZpAwPrXC0WihI6fBWU8SYmFcQq%2F5Adp9%2F6iIGTmPEnkTrYS%2BiiDQPnH5j%2B2H54%2BP3%2BpgiHP9pUhCGmJ0umGxkOZtKWFFngyFZe%2Ba0xFSN576lpX2UEFdXL%2BMn0Xvc4iktwIdtmCxxx8k7xZ5%2BJbnQTEsNi3OJV7bt2pniF1CSeao8Bsbmuk93BGCf%2FAYkV8XMYqsh7SB9mdvRVqVxLzb8OXojPOQqND%2FsAXqqm6lTjw%3D%3D","environmentVariables":{"FIREBASE_CONFIG":"{\"projectId\":\"the-martian-1080d\",\"databaseURL\":\"https://the-martian-1080d-default-rtdb.europe-west1.firebasedatabase.app\",\"storageBucket\":\"the-martian-1080d.appspot.com\",\"locationId\":\"europe-west\"}","GCLOUD_PROJECT":"the-martian-1080d","EVENTARC_CLOUD_EVENT_SOURCE":"projects/the-martian-1080d/locations/us-central1/functions/sendMail"},"runtime":"nodejs16","dockerRegistry":"ARTIFACT_REGISTRY"},"versionId":"1","updateTime":"2022-12-01T17:00:05Z","buildId":"e18107c5-07bf-4af6-82e7-3cc4ddba2080","buildName":"projects/119553467876/locations/us-central1/builds/e18107c5-07bf-4af6-82e7-3cc4ddba2080"}}
[debug] [2022-12-01T17:00:31.709Z] [create-default-us-central1-sendMail] Retrying task index 0
[debug] [2022-12-01T17:00:31.710Z] >>> [apiv2][query] GET https://cloudfunctions.googleapis.com/v1/operations/dGhlLW1hcnRpYW4tMTA4MGQvdXMtY2VudHJhbDEvc2VuZE1haWwvdVdoekh4S0FKRlk [none]
[debug] [2022-12-01T17:00:32.142Z] <<< [apiv2][status] GET https://cloudfunctions.googleapis.com/v1/operations/dGhlLW1hcnRpYW4tMTA4MGQvdXMtY2VudHJhbDEvc2VuZE1haWwvdVdoekh4S0FKRlk 200
[debug] [2022-12-01T17:00:32.142Z] <<< [apiv2][body] GET https://cloudfunctions.googleapis.com/v1/operations/dGhlLW1hcnRpYW4tMTA4MGQvdXMtY2VudHJhbDEvc2VuZE1haWwvdVdoekh4S0FKRlk {"name":"operations/dGhlLW1hcnRpYW4tMTA4MGQvdXMtY2VudHJhbDEvc2VuZE1haWwvdVdoekh4S0FKRlk","metadata":{"@type":"type.googleapis.com/google.cloud.functions.v1.OperationMetadataV1","target":"projects/the-martian-1080d/locations/us-central1/functions/sendMail","type":"CREATE_FUNCTION","request":{"@type":"type.googleapis.com/google.cloud.functions.v1.CloudFunction","name":"projects/the-martian-1080d/locations/us-central1/functions/sendMail","httpsTrigger":{"securityLevel":"SECURE_ALWAYS"},"entryPoint":"sendMail","labels":{"deployment-tool":"cli-firebase","firebase-functions-hash":"70f41fa6940aa610ee98ef9a153ad95aa74fe43c"},"sourceUploadUrl":"https://storage.googleapis.com/uploads-820191043279.us-central1.cloudfunctions.appspot.com/2f6854b2-9158-4f25-aecb-d714a6d12e9e.zip?GoogleAccessId=service-119553467876@gcf-admin-robot.iam.gserviceaccount.com&Expires=1669915803&Signature=oNEoMF0FZ4cHzub8wbwI5LV9OofB6uSmbvk41z7D%2Ft1nSp2AmsAcx0BScI3dM08Nrtw84uIIRjS432%2BYrMxpJYDqz4gkYRn4QqIw1wf6rn0ZpAwPrXC0WihI6fBWU8SYmFcQq%2F5Adp9%2F6iIGTmPEnkTrYS%2BiiDQPnH5j%2B2H54%2BP3%2BpgiHP9pUhCGmJ0umGxkOZtKWFFngyFZe%2Ba0xFSN576lpX2UEFdXL%2BMn0Xvc4iktwIdtmCxxx8k7xZ5%2BJbnQTEsNi3OJV7bt2pniF1CSeao8Bsbmuk93BGCf%2FAYkV8XMYqsh7SB9mdvRVqVxLzb8OXojPOQqND%2FsAXqqm6lTjw%3D%3D","environmentVariables":{"FIREBASE_CONFIG":"{\"projectId\":\"the-martian-1080d\",\"databaseURL\":\"https://the-martian-1080d-default-rtdb.europe-west1.firebasedatabase.app\",\"storageBucket\":\"the-martian-1080d.appspot.com\",\"locationId\":\"europe-west\"}","GCLOUD_PROJECT":"the-martian-1080d","EVENTARC_CLOUD_EVENT_SOURCE":"projects/the-martian-1080d/locations/us-central1/functions/sendMail"},"runtime":"nodejs16","dockerRegistry":"ARTIFACT_REGISTRY"},"versionId":"1","updateTime":"2022-12-01T17:00:05Z","buildId":"e18107c5-07bf-4af6-82e7-3cc4ddba2080","buildName":"projects/119553467876/locations/us-central1/builds/e18107c5-07bf-4af6-82e7-3cc4ddba2080"}}
[debug] [2022-12-01T17:00:42.156Z] [create-default-us-central1-sendMail] Retrying task index 0
[debug] [2022-12-01T17:00:42.156Z] >>> [apiv2][query] GET https://cloudfunctions.googleapis.com/v1/operations/dGhlLW1hcnRpYW4tMTA4MGQvdXMtY2VudHJhbDEvc2VuZE1haWwvdVdoekh4S0FKRlk [none]
[debug] [2022-12-01T17:00:42.555Z] <<< [apiv2][status] GET https://cloudfunctions.googleapis.com/v1/operations/dGhlLW1hcnRpYW4tMTA4MGQvdXMtY2VudHJhbDEvc2VuZE1haWwvdVdoekh4S0FKRlk 200
[debug] [2022-12-01T17:00:42.555Z] <<< [apiv2][body] GET https://cloudfunctions.googleapis.com/v1/operations/dGhlLW1hcnRpYW4tMTA4MGQvdXMtY2VudHJhbDEvc2VuZE1haWwvdVdoekh4S0FKRlk {"name":"operations/dGhlLW1hcnRpYW4tMTA4MGQvdXMtY2VudHJhbDEvc2VuZE1haWwvdVdoekh4S0FKRlk","metadata":{"@type":"type.googleapis.com/google.cloud.functions.v1.OperationMetadataV1","target":"projects/the-martian-1080d/locations/us-central1/functions/sendMail","type":"CREATE_FUNCTION","request":{"@type":"type.googleapis.com/google.cloud.functions.v1.CloudFunction","name":"projects/the-martian-1080d/locations/us-central1/functions/sendMail","httpsTrigger":{"securityLevel":"SECURE_ALWAYS"},"entryPoint":"sendMail","labels":{"deployment-tool":"cli-firebase","firebase-functions-hash":"70f41fa6940aa610ee98ef9a153ad95aa74fe43c"},"sourceUploadUrl":"https://storage.googleapis.com/uploads-820191043279.us-central1.cloudfunctions.appspot.com/2f6854b2-9158-4f25-aecb-d714a6d12e9e.zip?GoogleAccessId=service-119553467876@gcf-admin-robot.iam.gserviceaccount.com&Expires=1669915803&Signature=oNEoMF0FZ4cHzub8wbwI5LV9OofB6uSmbvk41z7D%2Ft1nSp2AmsAcx0BScI3dM08Nrtw84uIIRjS432%2BYrMxpJYDqz4gkYRn4QqIw1wf6rn0ZpAwPrXC0WihI6fBWU8SYmFcQq%2F5Adp9%2F6iIGTmPEnkTrYS%2BiiDQPnH5j%2B2H54%2BP3%2BpgiHP9pUhCGmJ0umGxkOZtKWFFngyFZe%2Ba0xFSN576lpX2UEFdXL%2BMn0Xvc4iktwIdtmCxxx8k7xZ5%2BJbnQTEsNi3OJV7bt2pniF1CSeao8Bsbmuk93BGCf%2FAYkV8XMYqsh7SB9mdvRVqVxLzb8OXojPOQqND%2FsAXqqm6lTjw%3D%3D","environmentVariables":{"FIREBASE_CONFIG":"{\"projectId\":\"the-martian-1080d\",\"databaseURL\":\"https://the-martian-1080d-default-rtdb.europe-west1.firebasedatabase.app\",\"storageBucket\":\"the-martian-1080d.appspot.com\",\"locationId\":\"europe-west\"}","GCLOUD_PROJECT":"the-martian-1080d","EVENTARC_CLOUD_EVENT_SOURCE":"projects/the-martian-1080d/locations/us-central1/functions/sendMail"},"runtime":"nodejs16","dockerRegistry":"ARTIFACT_REGISTRY"},"versionId":"1","updateTime":"2022-12-01T17:00:05Z","buildId":"e18107c5-07bf-4af6-82e7-3cc4ddba2080","buildName":"projects/119553467876/locations/us-central1/builds/e18107c5-07bf-4af6-82e7-3cc4ddba2080"}}
[debug] [2022-12-01T17:00:52.558Z] [create-default-us-central1-sendMail] Retrying task index 0
[debug] [2022-12-01T17:00:52.559Z] >>> [apiv2][query] GET https://cloudfunctions.googleapis.com/v1/operations/dGhlLW1hcnRpYW4tMTA4MGQvdXMtY2VudHJhbDEvc2VuZE1haWwvdVdoekh4S0FKRlk [none]
[debug] [2022-12-01T17:00:52.951Z] <<< [apiv2][status] GET https://cloudfunctions.googleapis.com/v1/operations/dGhlLW1hcnRpYW4tMTA4MGQvdXMtY2VudHJhbDEvc2VuZE1haWwvdVdoekh4S0FKRlk 200
[debug] [2022-12-01T17:00:52.951Z] <<< [apiv2][body] GET https://cloudfunctions.googleapis.com/v1/operations/dGhlLW1hcnRpYW4tMTA4MGQvdXMtY2VudHJhbDEvc2VuZE1haWwvdVdoekh4S0FKRlk {"name":"operations/dGhlLW1hcnRpYW4tMTA4MGQvdXMtY2VudHJhbDEvc2VuZE1haWwvdVdoekh4S0FKRlk","metadata":{"@type":"type.googleapis.com/google.cloud.functions.v1.OperationMetadataV1","target":"projects/the-martian-1080d/locations/us-central1/functions/sendMail","type":"CREATE_FUNCTION","request":{"@type":"type.googleapis.com/google.cloud.functions.v1.CloudFunction","name":"projects/the-martian-1080d/locations/us-central1/functions/sendMail","httpsTrigger":{"securityLevel":"SECURE_ALWAYS"},"entryPoint":"sendMail","labels":{"deployment-tool":"cli-firebase","firebase-functions-hash":"70f41fa6940aa610ee98ef9a153ad95aa74fe43c"},"sourceUploadUrl":"https://storage.googleapis.com/uploads-820191043279.us-central1.cloudfunctions.appspot.com/2f6854b2-9158-4f25-aecb-d714a6d12e9e.zip?GoogleAccessId=service-119553467876@gcf-admin-robot.iam.gserviceaccount.com&Expires=1669915803&Signature=oNEoMF0FZ4cHzub8wbwI5LV9OofB6uSmbvk41z7D%2Ft1nSp2AmsAcx0BScI3dM08Nrtw84uIIRjS432%2BYrMxpJYDqz4gkYRn4QqIw1wf6rn0ZpAwPrXC0WihI6fBWU8SYmFcQq%2F5Adp9%2F6iIGTmPEnkTrYS%2BiiDQPnH5j%2B2H54%2BP3%2BpgiHP9pUhCGmJ0umGxkOZtKWFFngyFZe%2Ba0xFSN576lpX2UEFdXL%2BMn0Xvc4iktwIdtmCxxx8k7xZ5%2BJbnQTEsNi3OJV7bt2pniF1CSeao8Bsbmuk93BGCf%2FAYkV8XMYqsh7SB9mdvRVqVxLzb8OXojPOQqND%2FsAXqqm6lTjw%3D%3D","environmentVariables":{"FIREBASE_CONFIG":"{\"projectId\":\"the-martian-1080d\",\"databaseURL\":\"https://the-martian-1080d-default-rtdb.europe-west1.firebasedatabase.app\",\"storageBucket\":\"the-martian-1080d.appspot.com\",\"locationId\":\"europe-west\"}","GCLOUD_PROJECT":"the-martian-1080d","EVENTARC_CLOUD_EVENT_SOURCE":"projects/the-martian-1080d/locations/us-central1/functions/sendMail"},"runtime":"nodejs16","dockerRegistry":"ARTIFACT_REGISTRY"},"versionId":"1","updateTime":"2022-12-01T17:00:05Z","buildId":"e18107c5-07bf-4af6-82e7-3cc4ddba2080","buildName":"projects/119553467876/locations/us-central1/builds/e18107c5-07bf-4af6-82e7-3cc4ddba2080"}}
[debug] [2022-12-01T17:01:02.966Z] [create-default-us-central1-sendMail] Retrying task index 0
[debug] [2022-12-01T17:01:02.967Z] >>> [apiv2][query] GET https://cloudfunctions.googleapis.com/v1/operations/dGhlLW1hcnRpYW4tMTA4MGQvdXMtY2VudHJhbDEvc2VuZE1haWwvdVdoekh4S0FKRlk [none]
[debug] [2022-12-01T17:01:03.393Z] <<< [apiv2][status] GET https://cloudfunctions.googleapis.com/v1/operations/dGhlLW1hcnRpYW4tMTA4MGQvdXMtY2VudHJhbDEvc2VuZE1haWwvdVdoekh4S0FKRlk 200
[debug] [2022-12-01T17:01:03.394Z] <<< [apiv2][body] GET https://cloudfunctions.googleapis.com/v1/operations/dGhlLW1hcnRpYW4tMTA4MGQvdXMtY2VudHJhbDEvc2VuZE1haWwvdVdoekh4S0FKRlk {"name":"operations/dGhlLW1hcnRpYW4tMTA4MGQvdXMtY2VudHJhbDEvc2VuZE1haWwvdVdoekh4S0FKRlk","metadata":{"@type":"type.googleapis.com/google.cloud.functions.v1.OperationMetadataV1","target":"projects/the-martian-1080d/locations/us-central1/functions/sendMail","type":"CREATE_FUNCTION","request":{"@type":"type.googleapis.com/google.cloud.functions.v1.CloudFunction","name":"projects/the-martian-1080d/locations/us-central1/functions/sendMail","httpsTrigger":{"securityLevel":"SECURE_ALWAYS"},"entryPoint":"sendMail","labels":{"deployment-tool":"cli-firebase","firebase-functions-hash":"70f41fa6940aa610ee98ef9a153ad95aa74fe43c"},"sourceUploadUrl":"https://storage.googleapis.com/uploads-820191043279.us-central1.cloudfunctions.appspot.com/2f6854b2-9158-4f25-aecb-d714a6d12e9e.zip?GoogleAccessId=service-119553467876@gcf-admin-robot.iam.gserviceaccount.com&Expires=1669915803&Signature=oNEoMF0FZ4cHzub8wbwI5LV9OofB6uSmbvk41z7D%2Ft1nSp2AmsAcx0BScI3dM08Nrtw84uIIRjS432%2BYrMxpJYDqz4gkYRn4QqIw1wf6rn0ZpAwPrXC0WihI6fBWU8SYmFcQq%2F5Adp9%2F6iIGTmPEnkTrYS%2BiiDQPnH5j%2B2H54%2BP3%2BpgiHP9pUhCGmJ0umGxkOZtKWFFngyFZe%2Ba0xFSN576lpX2UEFdXL%2BMn0Xvc4iktwIdtmCxxx8k7xZ5%2BJbnQTEsNi3OJV7bt2pniF1CSeao8Bsbmuk93BGCf%2FAYkV8XMYqsh7SB9mdvRVqVxLzb8OXojPOQqND%2FsAXqqm6lTjw%3D%3D","environmentVariables":{"FIREBASE_CONFIG":"{\"projectId\":\"the-martian-1080d\",\"databaseURL\":\"https://the-martian-1080d-default-rtdb.europe-west1.firebasedatabase.app\",\"storageBucket\":\"the-martian-1080d.appspot.com\",\"locationId\":\"europe-west\"}","GCLOUD_PROJECT":"the-martian-1080d","EVENTARC_CLOUD_EVENT_SOURCE":"projects/the-martian-1080d/locations/us-central1/functions/sendMail"},"runtime":"nodejs16","dockerRegistry":"ARTIFACT_REGISTRY"},"versionId":"1","updateTime":"2022-12-01T17:00:05Z","buildId":"e18107c5-07bf-4af6-82e7-3cc4ddba2080","buildName":"projects/119553467876/locations/us-central1/builds/e18107c5-07bf-4af6-82e7-3cc4ddba2080"}}
[debug] [2022-12-01T17:01:13.408Z] [create-default-us-central1-sendMail] Retrying task index 0
[debug] [2022-12-01T17:01:13.409Z] >>> [apiv2][query] GET https://cloudfunctions.googleapis.com/v1/operations/dGhlLW1hcnRpYW4tMTA4MGQvdXMtY2VudHJhbDEvc2VuZE1haWwvdVdoekh4S0FKRlk [none]
[debug] [2022-12-01T17:01:13.781Z] <<< [apiv2][status] GET https://cloudfunctions.googleapis.com/v1/operations/dGhlLW1hcnRpYW4tMTA4MGQvdXMtY2VudHJhbDEvc2VuZE1haWwvdVdoekh4S0FKRlk 200
[debug] [2022-12-01T17:01:13.781Z] <<< [apiv2][body] GET https://cloudfunctions.googleapis.com/v1/operations/dGhlLW1hcnRpYW4tMTA4MGQvdXMtY2VudHJhbDEvc2VuZE1haWwvdVdoekh4S0FKRlk {"name":"operations/dGhlLW1hcnRpYW4tMTA4MGQvdXMtY2VudHJhbDEvc2VuZE1haWwvdVdoekh4S0FKRlk","metadata":{"@type":"type.googleapis.com/google.cloud.functions.v1.OperationMetadataV1","target":"projects/the-martian-1080d/locations/us-central1/functions/sendMail","type":"CREATE_FUNCTION","request":{"@type":"type.googleapis.com/google.cloud.functions.v1.CloudFunction","name":"projects/the-martian-1080d/locations/us-central1/functions/sendMail","httpsTrigger":{"securityLevel":"SECURE_ALWAYS"},"entryPoint":"sendMail","labels":{"deployment-tool":"cli-firebase","firebase-functions-hash":"70f41fa6940aa610ee98ef9a153ad95aa74fe43c"},"sourceUploadUrl":"https://storage.googleapis.com/uploads-820191043279.us-central1.cloudfunctions.appspot.com/2f6854b2-9158-4f25-aecb-d714a6d12e9e.zip?GoogleAccessId=service-119553467876@gcf-admin-robot.iam.gserviceaccount.com&Expires=1669915803&Signature=oNEoMF0FZ4cHzub8wbwI5LV9OofB6uSmbvk41z7D%2Ft1nSp2AmsAcx0BScI3dM08Nrtw84uIIRjS432%2BYrMxpJYDqz4gkYRn4QqIw1wf6rn0ZpAwPrXC0WihI6fBWU8SYmFcQq%2F5Adp9%2F6iIGTmPEnkTrYS%2BiiDQPnH5j%2B2H54%2BP3%2BpgiHP9pUhCGmJ0umGxkOZtKWFFngyFZe%2Ba0xFSN576lpX2UEFdXL%2BMn0Xvc4iktwIdtmCxxx8k7xZ5%2BJbnQTEsNi3OJV7bt2pniF1CSeao8Bsbmuk93BGCf%2FAYkV8XMYqsh7SB9mdvRVqVxLzb8OXojPOQqND%2FsAXqqm6lTjw%3D%3D","environmentVariables":{"FIREBASE_CONFIG":"{\"projectId\":\"the-martian-1080d\",\"databaseURL\":\"https://the-martian-1080d-default-rtdb.europe-west1.firebasedatabase.app\",\"storageBucket\":\"the-martian-1080d.appspot.com\",\"locationId\":\"europe-west\"}","GCLOUD_PROJECT":"the-martian-1080d","EVENTARC_CLOUD_EVENT_SOURCE":"projects/the-martian-1080d/locations/us-central1/functions/sendMail"},"runtime":"nodejs16","dockerRegistry":"ARTIFACT_REGISTRY"},"versionId":"1","updateTime":"2022-12-01T17:00:05Z","buildId":"e18107c5-07bf-4af6-82e7-3cc4ddba2080","buildName":"projects/119553467876/locations/us-central1/builds/e18107c5-07bf-4af6-82e7-3cc4ddba2080"}}
[debug] [2022-12-01T17:01:23.788Z] [create-default-us-central1-sendMail] Retrying task index 0
[debug] [2022-12-01T17:01:23.789Z] >>> [apiv2][query] GET https://cloudfunctions.googleapis.com/v1/operations/dGhlLW1hcnRpYW4tMTA4MGQvdXMtY2VudHJhbDEvc2VuZE1haWwvdVdoekh4S0FKRlk [none]
[debug] [2022-12-01T17:01:24.196Z] <<< [apiv2][status] GET https://cloudfunctions.googleapis.com/v1/operations/dGhlLW1hcnRpYW4tMTA4MGQvdXMtY2VudHJhbDEvc2VuZE1haWwvdVdoekh4S0FKRlk 200
[debug] [2022-12-01T17:01:24.196Z] <<< [apiv2][body] GET https://cloudfunctions.googleapis.com/v1/operations/dGhlLW1hcnRpYW4tMTA4MGQvdXMtY2VudHJhbDEvc2VuZE1haWwvdVdoekh4S0FKRlk {"name":"operations/dGhlLW1hcnRpYW4tMTA4MGQvdXMtY2VudHJhbDEvc2VuZE1haWwvdVdoekh4S0FKRlk","metadata":{"@type":"type.googleapis.com/google.cloud.functions.v1.OperationMetadataV1","target":"projects/the-martian-1080d/locations/us-central1/functions/sendMail","type":"CREATE_FUNCTION","request":{"@type":"type.googleapis.com/google.cloud.functions.v1.CloudFunction","name":"projects/the-martian-1080d/locations/us-central1/functions/sendMail","httpsTrigger":{"securityLevel":"SECURE_ALWAYS"},"entryPoint":"sendMail","labels":{"deployment-tool":"cli-firebase","firebase-functions-hash":"70f41fa6940aa610ee98ef9a153ad95aa74fe43c"},"sourceUploadUrl":"https://storage.googleapis.com/uploads-820191043279.us-central1.cloudfunctions.appspot.com/2f6854b2-9158-4f25-aecb-d714a6d12e9e.zip?GoogleAccessId=service-119553467876@gcf-admin-robot.iam.gserviceaccount.com&Expires=1669915803&Signature=oNEoMF0FZ4cHzub8wbwI5LV9OofB6uSmbvk41z7D%2Ft1nSp2AmsAcx0BScI3dM08Nrtw84uIIRjS432%2BYrMxpJYDqz4gkYRn4QqIw1wf6rn0ZpAwPrXC0WihI6fBWU8SYmFcQq%2F5Adp9%2F6iIGTmPEnkTrYS%2BiiDQPnH5j%2B2H54%2BP3%2BpgiHP9pUhCGmJ0umGxkOZtKWFFngyFZe%2Ba0xFSN576lpX2UEFdXL%2BMn0Xvc4iktwIdtmCxxx8k7xZ5%2BJbnQTEsNi3OJV7bt2pniF1CSeao8Bsbmuk93BGCf%2FAYkV8XMYqsh7SB9mdvRVqVxLzb8OXojPOQqND%2FsAXqqm6lTjw%3D%3D","environmentVariables":{"FIREBASE_CONFIG":"{\"projectId\":\"the-martian-1080d\",\"databaseURL\":\"https://the-martian-1080d-default-rtdb.europe-west1.firebasedatabase.app\",\"storageBucket\":\"the-martian-1080d.appspot.com\",\"locationId\":\"europe-west\"}","GCLOUD_PROJECT":"the-martian-1080d","EVENTARC_CLOUD_EVENT_SOURCE":"projects/the-martian-1080d/locations/us-central1/functions/sendMail"},"runtime":"nodejs16","dockerRegistry":"ARTIFACT_REGISTRY"},"versionId":"1","updateTime":"2022-12-01T17:00:05Z","buildId":"e18107c5-07bf-4af6-82e7-3cc4ddba2080","buildName":"projects/119553467876/locations/us-central1/builds/e18107c5-07bf-4af6-82e7-3cc4ddba2080"}}
[debug] [2022-12-01T17:01:34.211Z] [create-default-us-central1-sendMail] Retrying task index 0
[debug] [2022-12-01T17:01:34.211Z] >>> [apiv2][query] GET https://cloudfunctions.googleapis.com/v1/operations/dGhlLW1hcnRpYW4tMTA4MGQvdXMtY2VudHJhbDEvc2VuZE1haWwvdVdoekh4S0FKRlk [none]
[debug] [2022-12-01T17:01:34.600Z] <<< [apiv2][status] GET https://cloudfunctions.googleapis.com/v1/operations/dGhlLW1hcnRpYW4tMTA4MGQvdXMtY2VudHJhbDEvc2VuZE1haWwvdVdoekh4S0FKRlk 200
[debug] [2022-12-01T17:01:34.600Z] <<< [apiv2][body] GET https://cloudfunctions.googleapis.com/v1/operations/dGhlLW1hcnRpYW4tMTA4MGQvdXMtY2VudHJhbDEvc2VuZE1haWwvdVdoekh4S0FKRlk {"name":"operations/dGhlLW1hcnRpYW4tMTA4MGQvdXMtY2VudHJhbDEvc2VuZE1haWwvdVdoekh4S0FKRlk","metadata":{"@type":"type.googleapis.com/google.cloud.functions.v1.OperationMetadataV1","target":"projects/the-martian-1080d/locations/us-central1/functions/sendMail","type":"CREATE_FUNCTION","request":{"@type":"type.googleapis.com/google.cloud.functions.v1.CloudFunction","name":"projects/the-martian-1080d/locations/us-central1/functions/sendMail","httpsTrigger":{"securityLevel":"SECURE_ALWAYS"},"entryPoint":"sendMail","labels":{"deployment-tool":"cli-firebase","firebase-functions-hash":"70f41fa6940aa610ee98ef9a153ad95aa74fe43c"},"sourceUploadUrl":"https://storage.googleapis.com/uploads-820191043279.us-central1.cloudfunctions.appspot.com/2f6854b2-9158-4f25-aecb-d714a6d12e9e.zip?GoogleAccessId=service-119553467876@gcf-admin-robot.iam.gserviceaccount.com&Expires=1669915803&Signature=oNEoMF0FZ4cHzub8wbwI5LV9OofB6uSmbvk41z7D%2Ft1nSp2AmsAcx0BScI3dM08Nrtw84uIIRjS432%2BYrMxpJYDqz4gkYRn4QqIw1wf6rn0ZpAwPrXC0WihI6fBWU8SYmFcQq%2F5Adp9%2F6iIGTmPEnkTrYS%2BiiDQPnH5j%2B2H54%2BP3%2BpgiHP9pUhCGmJ0umGxkOZtKWFFngyFZe%2Ba0xFSN576lpX2UEFdXL%2BMn0Xvc4iktwIdtmCxxx8k7xZ5%2BJbnQTEsNi3OJV7bt2pniF1CSeao8Bsbmuk93BGCf%2FAYkV8XMYqsh7SB9mdvRVqVxLzb8OXojPOQqND%2FsAXqqm6lTjw%3D%3D","environmentVariables":{"FIREBASE_CONFIG":"{\"projectId\":\"the-martian-1080d\",\"databaseURL\":\"https://the-martian-1080d-default-rtdb.europe-west1.firebasedatabase.app\",\"storageBucket\":\"the-martian-1080d.appspot.com\",\"locationId\":\"europe-west\"}","GCLOUD_PROJECT":"the-martian-1080d","EVENTARC_CLOUD_EVENT_SOURCE":"projects/the-martian-1080d/locations/us-central1/functions/sendMail"},"runtime":"nodejs16","dockerRegistry":"ARTIFACT_REGISTRY"},"versionId":"1","updateTime":"2022-12-01T17:00:05Z","buildId":"e18107c5-07bf-4af6-82e7-3cc4ddba2080","sourceToken":"3fd3a61f-5dc2-4434-b85b-1882b445c23f","buildName":"projects/119553467876/locations/us-central1/builds/e18107c5-07bf-4af6-82e7-3cc4ddba2080"}}
[debug] [2022-12-01T17:01:34.601Z] Got source token 3fd3a61f-5dc2-4434-b85b-1882b445c23f for region us-central1
[debug] [2022-12-01T17:01:44.616Z] [create-default-us-central1-sendMail] Retrying task index 0
[debug] [2022-12-01T17:01:44.617Z] >>> [apiv2][query] GET https://cloudfunctions.googleapis.com/v1/operations/dGhlLW1hcnRpYW4tMTA4MGQvdXMtY2VudHJhbDEvc2VuZE1haWwvdVdoekh4S0FKRlk [none]
[debug] [2022-12-01T17:01:45.031Z] <<< [apiv2][status] GET https://cloudfunctions.googleapis.com/v1/operations/dGhlLW1hcnRpYW4tMTA4MGQvdXMtY2VudHJhbDEvc2VuZE1haWwvdVdoekh4S0FKRlk 200
[debug] [2022-12-01T17:01:45.031Z] <<< [apiv2][body] GET https://cloudfunctions.googleapis.com/v1/operations/dGhlLW1hcnRpYW4tMTA4MGQvdXMtY2VudHJhbDEvc2VuZE1haWwvdVdoekh4S0FKRlk {"name":"operations/dGhlLW1hcnRpYW4tMTA4MGQvdXMtY2VudHJhbDEvc2VuZE1haWwvdVdoekh4S0FKRlk","metadata":{"@type":"type.googleapis.com/google.cloud.functions.v1.OperationMetadataV1","target":"projects/the-martian-1080d/locations/us-central1/functions/sendMail","type":"CREATE_FUNCTION","request":{"@type":"type.googleapis.com/google.cloud.functions.v1.CloudFunction","name":"projects/the-martian-1080d/locations/us-central1/functions/sendMail","httpsTrigger":{"securityLevel":"SECURE_ALWAYS"},"entryPoint":"sendMail","labels":{"deployment-tool":"cli-firebase","firebase-functions-hash":"70f41fa6940aa610ee98ef9a153ad95aa74fe43c"},"sourceUploadUrl":"https://storage.googleapis.com/uploads-820191043279.us-central1.cloudfunctions.appspot.com/2f6854b2-9158-4f25-aecb-d714a6d12e9e.zip?GoogleAccessId=service-119553467876@gcf-admin-robot.iam.gserviceaccount.com&Expires=1669915803&Signature=oNEoMF0FZ4cHzub8wbwI5LV9OofB6uSmbvk41z7D%2Ft1nSp2AmsAcx0BScI3dM08Nrtw84uIIRjS432%2BYrMxpJYDqz4gkYRn4QqIw1wf6rn0ZpAwPrXC0WihI6fBWU8SYmFcQq%2F5Adp9%2F6iIGTmPEnkTrYS%2BiiDQPnH5j%2B2H54%2BP3%2BpgiHP9pUhCGmJ0umGxkOZtKWFFngyFZe%2Ba0xFSN576lpX2UEFdXL%2BMn0Xvc4iktwIdtmCxxx8k7xZ5%2BJbnQTEsNi3OJV7bt2pniF1CSeao8Bsbmuk93BGCf%2FAYkV8XMYqsh7SB9mdvRVqVxLzb8OXojPOQqND%2FsAXqqm6lTjw%3D%3D","environmentVariables":{"FIREBASE_CONFIG":"{\"projectId\":\"the-martian-1080d\",\"databaseURL\":\"https://the-martian-1080d-default-rtdb.europe-west1.firebasedatabase.app\",\"storageBucket\":\"the-martian-1080d.appspot.com\",\"locationId\":\"europe-west\"}","GCLOUD_PROJECT":"the-martian-1080d","EVENTARC_CLOUD_EVENT_SOURCE":"projects/the-martian-1080d/locations/us-central1/functions/sendMail"},"runtime":"nodejs16","dockerRegistry":"ARTIFACT_REGISTRY"},"versionId":"1","updateTime":"2022-12-01T17:00:05Z","buildId":"e18107c5-07bf-4af6-82e7-3cc4ddba2080","sourceToken":"3fd3a61f-5dc2-4434-b85b-1882b445c23f","buildName":"projects/119553467876/locations/us-central1/builds/e18107c5-07bf-4af6-82e7-3cc4ddba2080"}}
[debug] [2022-12-01T17:01:45.031Z] Got source token 3fd3a61f-5dc2-4434-b85b-1882b445c23f for region us-central1
[debug] [2022-12-01T17:01:55.037Z] [create-default-us-central1-sendMail] Retrying task index 0
[debug] [2022-12-01T17:01:55.038Z] >>> [apiv2][query] GET https://cloudfunctions.googleapis.com/v1/operations/dGhlLW1hcnRpYW4tMTA4MGQvdXMtY2VudHJhbDEvc2VuZE1haWwvdVdoekh4S0FKRlk [none]
[debug] [2022-12-01T17:01:55.409Z] <<< [apiv2][status] GET https://cloudfunctions.googleapis.com/v1/operations/dGhlLW1hcnRpYW4tMTA4MGQvdXMtY2VudHJhbDEvc2VuZE1haWwvdVdoekh4S0FKRlk 200
[debug] [2022-12-01T17:01:55.409Z] <<< [apiv2][body] GET https://cloudfunctions.googleapis.com/v1/operations/dGhlLW1hcnRpYW4tMTA4MGQvdXMtY2VudHJhbDEvc2VuZE1haWwvdVdoekh4S0FKRlk {"name":"operations/dGhlLW1hcnRpYW4tMTA4MGQvdXMtY2VudHJhbDEvc2VuZE1haWwvdVdoekh4S0FKRlk","metadata":{"@type":"type.googleapis.com/google.cloud.functions.v1.OperationMetadataV1","target":"projects/the-martian-1080d/locations/us-central1/functions/sendMail","type":"CREATE_FUNCTION","request":{"@type":"type.googleapis.com/google.cloud.functions.v1.CloudFunction","name":"projects/the-martian-1080d/locations/us-central1/functions/sendMail","httpsTrigger":{"securityLevel":"SECURE_ALWAYS"},"entryPoint":"sendMail","labels":{"deployment-tool":"cli-firebase","firebase-functions-hash":"70f41fa6940aa610ee98ef9a153ad95aa74fe43c"},"sourceUploadUrl":"https://storage.googleapis.com/uploads-820191043279.us-central1.cloudfunctions.appspot.com/2f6854b2-9158-4f25-aecb-d714a6d12e9e.zip?GoogleAccessId=service-119553467876@gcf-admin-robot.iam.gserviceaccount.com&Expires=1669915803&Signature=oNEoMF0FZ4cHzub8wbwI5LV9OofB6uSmbvk41z7D%2Ft1nSp2AmsAcx0BScI3dM08Nrtw84uIIRjS432%2BYrMxpJYDqz4gkYRn4QqIw1wf6rn0ZpAwPrXC0WihI6fBWU8SYmFcQq%2F5Adp9%2F6iIGTmPEnkTrYS%2BiiDQPnH5j%2B2H54%2BP3%2BpgiHP9pUhCGmJ0umGxkOZtKWFFngyFZe%2Ba0xFSN576lpX2UEFdXL%2BMn0Xvc4iktwIdtmCxxx8k7xZ5%2BJbnQTEsNi3OJV7bt2pniF1CSeao8Bsbmuk93BGCf%2FAYkV8XMYqsh7SB9mdvRVqVxLzb8OXojPOQqND%2FsAXqqm6lTjw%3D%3D","environmentVariables":{"FIREBASE_CONFIG":"{\"projectId\":\"the-martian-1080d\",\"databaseURL\":\"https://the-martian-1080d-default-rtdb.europe-west1.firebasedatabase.app\",\"storageBucket\":\"the-martian-1080d.appspot.com\",\"locationId\":\"europe-west\"}","GCLOUD_PROJECT":"the-martian-1080d","EVENTARC_CLOUD_EVENT_SOURCE":"projects/the-martian-1080d/locations/us-central1/functions/sendMail"},"runtime":"nodejs16","dockerRegistry":"ARTIFACT_REGISTRY"},"versionId":"1","updateTime":"2022-12-01T17:01:50Z","buildId":"e18107c5-07bf-4af6-82e7-3cc4ddba2080","sourceToken":"3fd3a61f-5dc2-4434-b85b-1882b445c23f","buildName":"projects/119553467876/locations/us-central1/builds/e18107c5-07bf-4af6-82e7-3cc4ddba2080"},"done":true,"error":{"code":3,"message":"Function failed on loading user code. This is likely due to a bug in the user code. Error message: Error: please examine your function logs to see the error cause: https://cloud.google.com/functions/docs/monitoring/logging#viewing_logs. Additional troubleshooting documentation can be found at https://cloud.google.com/functions/docs/troubleshooting#logging. Please visit https://cloud.google.com/functions/docs/troubleshooting for in-depth troubleshooting documentation."}}
[debug] [2022-12-01T17:01:55.409Z] Got source token 3fd3a61f-5dc2-4434-b85b-1882b445c23f for region us-central1
[error] Function failed on loading user code. This is likely due to a bug in the user code. Error message: Error: please examine your function logs to see the error cause: https://cloud.google.com/functions/docs/monitoring/logging#viewing_logs. Additional troubleshooting documentation can be found at https://cloud.google.com/functions/docs/troubleshooting#logging. Please visit https://cloud.google.com/functions/docs/troubleshooting for in-depth troubleshooting documentation.
[debug] [2022-12-01T17:01:55.420Z] Total Function Deployment time: 112409
[debug] [2022-12-01T17:01:55.420Z] 1 Functions Deployed
[debug] [2022-12-01T17:01:55.420Z] 1 Functions Errored
[debug] [2022-12-01T17:01:55.420Z] 0 Function Deployments Aborted
[debug] [2022-12-01T17:01:55.420Z] Average Function Deployment time: 112407
[info] 
[info] Functions deploy had errors with the following functions:
	sendMail(us-central1)
[debug] [2022-12-01T17:01:55.639Z] Not printing URL for HTTPS function. Typically this means it didn't match a filter or we failed deployment
[info] i  functions: cleaning up build files... 
[debug] [2022-12-01T17:01:55.644Z] >>> [apiv2][query] DELETE https://artifactregistry.googleapis.com/v1beta2/projects/the-martian-1080d/locations/us-central1/repositories/gcf-artifacts/packages/send_mail [none]
[debug] [2022-12-01T17:01:55.645Z] >>> [apiv2][query] GET https://us.gcr.io/v2/the-martian-1080d/gcf/us-central1/tags/list [none]
[debug] [2022-12-01T17:01:56.574Z] <<< [apiv2][status] DELETE https://artifactregistry.googleapis.com/v1beta2/projects/the-martian-1080d/locations/us-central1/repositories/gcf-artifacts/packages/send_mail 200
[debug] [2022-12-01T17:01:56.574Z] <<< [apiv2][body] DELETE https://artifactregistry.googleapis.com/v1beta2/projects/the-martian-1080d/locations/us-central1/repositories/gcf-artifacts/packages/send_mail {"name":"projects/the-martian-1080d/locations/us-central1/operations/acd8b4e4-ad7d-460c-bb13-01473627ddc1","metadata":{"@type":"type.googleapis.com/google.devtools.artifactregistry.v1beta2.OperationMetadata"}}
[debug] [2022-12-01T17:01:56.575Z] >>> [apiv2][query] GET https://artifactregistry.googleapis.com/v1beta2/projects/the-martian-1080d/locations/us-central1/operations/acd8b4e4-ad7d-460c-bb13-01473627ddc1 [none]
[debug] [2022-12-01T17:01:57.397Z] <<< [apiv2][status] GET https://artifactregistry.googleapis.com/v1beta2/projects/the-martian-1080d/locations/us-central1/operations/acd8b4e4-ad7d-460c-bb13-01473627ddc1 200
[debug] [2022-12-01T17:01:57.397Z] <<< [apiv2][body] GET https://artifactregistry.googleapis.com/v1beta2/projects/the-martian-1080d/locations/us-central1/operations/acd8b4e4-ad7d-460c-bb13-01473627ddc1 {"name":"projects/the-martian-1080d/locations/us-central1/operations/acd8b4e4-ad7d-460c-bb13-01473627ddc1","metadata":{"@type":"type.googleapis.com/google.devtools.artifactregistry.v1beta2.OperationMetadata"},"done":true,"response":{"@type":"type.googleapis.com/google.protobuf.Empty"}}
[debug] [2022-12-01T17:01:57.673Z] <<< [apiv2][status] GET https://us.gcr.io/v2/the-martian-1080d/gcf/us-central1/tags/list 200
[debug] [2022-12-01T17:01:57.673Z] <<< [apiv2][body] GET https://us.gcr.io/v2/the-martian-1080d/gcf/us-central1/tags/list {"child":[],"manifest":{},"name":"the-martian-1080d/gcf/us-central1","tags":[]}
[debug] [2022-12-01T17:01:57.674Z] Could not find image for function projects/the-martian-1080d/locations/us-central1/functions/sendMail
[debug] [2022-12-01T17:01:57.674Z] Functions deploy failed.
[debug] [2022-12-01T17:01:57.674Z] {
  "endpoint": {
    "id": "sendMail",
    "project": "the-martian-1080d",
    "region": "us-central1",
    "entryPoint": "sendMail",
    "platform": "gcfv1",
    "runtime": "nodejs16",
    "httpsTrigger": {},
    "environmentVariables": {
      "FIREBASE_CONFIG": "{\"projectId\":\"the-martian-1080d\",\"databaseURL\":\"https://the-martian-1080d-default-rtdb.europe-west1.firebasedatabase.app\",\"storageBucket\":\"the-martian-1080d.appspot.com\",\"locationId\":\"europe-west\"}",
      "GCLOUD_PROJECT": "the-martian-1080d",
      "EVENTARC_CLOUD_EVENT_SOURCE": "projects/the-martian-1080d/locations/us-central1/functions/sendMail"
    },
    "codebase": "default",
    "targetedByOnly": false,
    "hash": "70f41fa6940aa610ee98ef9a153ad95aa74fe43c",
    "labels": {
      "deployment-tool": "cli-firebase"
    }
  },
  "op": "create",
  "original": {
    "name": "FirebaseError",
    "children": [],
    "exit": 1,
    "message": "Function failed on loading user code. This is likely due to a bug in the user code. Error message: Error: please examine your function logs to see the error cause: https://cloud.google.com/functions/docs/monitoring/logging#viewing_logs. Additional troubleshooting documentation can be found at https://cloud.google.com/functions/docs/troubleshooting#logging. Please visit https://cloud.google.com/functions/docs/troubleshooting for in-depth troubleshooting documentation.",
    "status": 3
  }
}
[debug] [2022-12-01T17:01:57.876Z] Error: Failed to create function sendMail in region us-central1
    at C:\Users\PC14\AppData\Roaming\npm\node_modules\firebase-tools\lib\deploy\functions\release\fabricator.js:41:11
    at processTicksAndRejections (node:internal/process/task_queues:96:5)
    at async Fabricator.createV1Function (C:\Users\PC14\AppData\Roaming\npm\node_modules\firebase-tools\lib\deploy\functions\release\fabricator.js:171:32)
    at async Fabricator.createEndpoint (C:\Users\PC14\AppData\Roaming\npm\node_modules\firebase-tools\lib\deploy\functions\release\fabricator.js:122:13)
    at async handle (C:\Users\PC14\AppData\Roaming\npm\node_modules\firebase-tools\lib\deploy\functions\release\fabricator.js:78:17)
[error] 
[error] Error: There was an error deploying functions
